2019-10-22 15:31:32.428  INFO 10217 --- [restartedMain] c.b.fundoo.user.UserServeApplication     : Starting UserServeApplication on FH400 with PID 10217 (started by user in /home/user/Desktop/vishnu/spring-tool-suite-4-4.4.0.RELEASE-e4.13.0-linux.gtk.x86_64/spring programs/UserService)
2019-10-22 15:31:32.429  INFO 10217 --- [restartedMain] c.b.fundoo.user.UserServeApplication     : No active profile set, falling back to default profiles: default
2019-10-22 15:31:32.738  INFO 10217 --- [restartedMain] .s.d.r.c.RepositoryConfigurationDelegate : Bootstrapping Spring Data repositories in DEFAULT mode.
2019-10-22 15:31:32.751  INFO 10217 --- [restartedMain] .s.d.r.c.RepositoryConfigurationDelegate : Finished Spring Data repository scanning in 13ms. Found 1 repository interfaces.
2019-10-22 15:31:32.823  INFO 10217 --- [restartedMain] trationDelegate$BeanPostProcessorChecker : Bean 'org.springframework.transaction.annotation.ProxyTransactionManagementConfiguration' of type [org.springframework.transaction.annotation.ProxyTransactionManagementConfiguration$$EnhancerBySpringCGLIB$$5f7eb80e] is not eligible for getting processed by all BeanPostProcessors (for example: not eligible for auto-proxying)
2019-10-22 15:31:33.071  INFO 10217 --- [restartedMain] o.s.b.w.embedded.tomcat.TomcatWebServer  : Tomcat initialized with port(s): 8080 (http)
2019-10-22 15:31:33.073  INFO 10217 --- [restartedMain] o.apache.catalina.core.StandardService   : Starting service [Tomcat]
2019-10-22 15:31:33.073  INFO 10217 --- [restartedMain] org.apache.catalina.core.StandardEngine  : Starting Servlet engine: [Apache Tomcat/9.0.26]
2019-10-22 15:31:33.091  INFO 10217 --- [restartedMain] o.a.c.c.C.[Tomcat].[localhost].[/]       : Initializing Spring embedded WebApplicationContext
2019-10-22 15:31:33.092  INFO 10217 --- [restartedMain] o.s.web.context.ContextLoader            : Root WebApplicationContext: initialization completed in 658 ms
2019-10-22 15:31:33.167  INFO 10217 --- [restartedMain] com.zaxxer.hikari.HikariDataSource       : HikariPool-4 - Starting...
2019-10-22 15:31:33.172  INFO 10217 --- [restartedMain] com.zaxxer.hikari.HikariDataSource       : HikariPool-4 - Start completed.
2019-10-22 15:31:33.181  INFO 10217 --- [restartedMain] o.hibernate.jpa.internal.util.LogHelper  : HHH000204: Processing PersistenceUnitInfo [
	name: default
	...]
2019-10-22 15:31:33.192  INFO 10217 --- [restartedMain] org.hibernate.dialect.Dialect            : HHH000400: Using dialect: org.hibernate.dialect.MySQL5InnoDBDialect
2019-10-22 15:31:33.262  INFO 10217 --- [restartedMain] j.LocalContainerEntityManagerFactoryBean : Initialized JPA EntityManagerFactory for persistence unit 'default'
2019-10-22 15:31:33.326  INFO 10217 --- [restartedMain] o.s.b.d.a.OptionalLiveReloadServer       : LiveReload server is running on port 35729
2019-10-22 15:31:33.499  INFO 10217 --- [restartedMain] o.s.s.concurrent.ThreadPoolTaskExecutor  : Initializing ExecutorService 'applicationTaskExecutor'
2019-10-22 15:31:33.515  WARN 10217 --- [restartedMain] aWebConfiguration$JpaWebMvcConfiguration : spring.jpa.open-in-view is enabled by default. Therefore, database queries may be performed during view rendering. Explicitly configure spring.jpa.open-in-view to disable this warning
2019-10-22 15:31:33.659  INFO 10217 --- [restartedMain] o.s.b.w.embedded.tomcat.TomcatWebServer  : Tomcat started on port(s): 8080 (http) with context path ''
2019-10-22 15:31:33.660  INFO 10217 --- [restartedMain] c.b.fundoo.user.UserServeApplication     : Started UserServeApplication in 1.265 seconds (JVM running for 4575.759)
2019-10-22 15:31:33.678  INFO 10217 --- [restartedMain] .ConditionEvaluationDeltaLoggingListener : Condition evaluation unchanged
2019-10-22 15:31:36.861  INFO 10217 --- [RMI TCP Connection(80)-127.0.0.1] inMXBeanRegistrar$SpringApplicationAdmin : Application shutdown requested.
2019-10-22 15:31:36.867  INFO 10217 --- [RMI TCP Connection(80)-127.0.0.1] o.s.s.concurrent.ThreadPoolTaskExecutor  : Shutting down ExecutorService 'applicationTaskExecutor'
2019-10-22 15:31:36.867  INFO 10217 --- [RMI TCP Connection(80)-127.0.0.1] j.LocalContainerEntityManagerFactoryBean : Closing JPA EntityManagerFactory for persistence unit 'default'
2019-10-22 15:31:36.869  INFO 10217 --- [RMI TCP Connection(80)-127.0.0.1] com.zaxxer.hikari.HikariDataSource       : HikariPool-4 - Shutdown initiated...
2019-10-22 15:31:36.882  INFO 10217 --- [RMI TCP Connection(80)-127.0.0.1] com.zaxxer.hikari.HikariDataSource       : HikariPool-4 - Shutdown completed.
