2019-10-22 15:31:42.105  INFO 12995 --- [restartedMain] c.b.fundoo.user.UserServeApplication     : Starting UserServeApplication on FH400 with PID 12995 (started by user in /home/user/Desktop/vishnu/spring-tool-suite-4-4.4.0.RELEASE-e4.13.0-linux.gtk.x86_64/spring programs/UserService)
2019-10-22 15:31:42.221  INFO 12995 --- [restartedMain] c.b.fundoo.user.UserServeApplication     : No active profile set, falling back to default profiles: default
2019-10-22 15:31:42.459  INFO 12995 --- [restartedMain] .e.DevToolsPropertyDefaultsPostProcessor : Devtools property defaults active! Set 'spring.devtools.add-properties' to 'false' to disable
2019-10-22 15:31:42.463  INFO 12995 --- [restartedMain] .e.DevToolsPropertyDefaultsPostProcessor : For additional web related logging consider setting the 'logging.level.web' property to 'DEBUG'
2019-10-22 15:31:44.530  INFO 12995 --- [restartedMain] .s.d.r.c.RepositoryConfigurationDelegate : Bootstrapping Spring Data repositories in DEFAULT mode.
2019-10-22 15:31:44.618  INFO 12995 --- [restartedMain] .s.d.r.c.RepositoryConfigurationDelegate : Finished Spring Data repository scanning in 80ms. Found 1 repository interfaces.
2019-10-22 15:31:45.257  INFO 12995 --- [restartedMain] trationDelegate$BeanPostProcessorChecker : Bean 'org.springframework.transaction.annotation.ProxyTransactionManagementConfiguration' of type [org.springframework.transaction.annotation.ProxyTransactionManagementConfiguration$$EnhancerBySpringCGLIB$$39d7b8a] is not eligible for getting processed by all BeanPostProcessors (for example: not eligible for auto-proxying)
2019-10-22 15:31:45.743  INFO 12995 --- [restartedMain] o.s.b.w.embedded.tomcat.TomcatWebServer  : Tomcat initialized with port(s): 8080 (http)
2019-10-22 15:31:45.781  INFO 12995 --- [restartedMain] o.apache.catalina.core.StandardService   : Starting service [Tomcat]
2019-10-22 15:31:45.782  INFO 12995 --- [restartedMain] org.apache.catalina.core.StandardEngine  : Starting Servlet engine: [Apache Tomcat/9.0.26]
2019-10-22 15:31:46.060  INFO 12995 --- [restartedMain] o.a.c.c.C.[Tomcat].[localhost].[/]       : Initializing Spring embedded WebApplicationContext
2019-10-22 15:31:46.061  INFO 12995 --- [restartedMain] o.s.web.context.ContextLoader            : Root WebApplicationContext: initialization completed in 3598 ms
2019-10-22 15:31:46.485  INFO 12995 --- [restartedMain] com.zaxxer.hikari.HikariDataSource       : HikariPool-1 - Starting...
2019-10-22 15:31:46.652  INFO 12995 --- [restartedMain] com.zaxxer.hikari.HikariDataSource       : HikariPool-1 - Start completed.
2019-10-22 15:31:46.731  INFO 12995 --- [restartedMain] o.hibernate.jpa.internal.util.LogHelper  : HHH000204: Processing PersistenceUnitInfo [
	name: default
	...]
2019-10-22 15:31:46.856  INFO 12995 --- [restartedMain] org.hibernate.Version                    : HHH000412: Hibernate Core {5.3.12.Final}
2019-10-22 15:31:46.858  INFO 12995 --- [restartedMain] org.hibernate.cfg.Environment            : HHH000206: hibernate.properties not found
2019-10-22 15:31:47.087  INFO 12995 --- [restartedMain] o.hibernate.annotations.common.Version   : HCANN000001: Hibernate Commons Annotations {5.0.4.Final}
2019-10-22 15:31:47.281  INFO 12995 --- [restartedMain] org.hibernate.dialect.Dialect            : HHH000400: Using dialect: org.hibernate.dialect.MySQL5InnoDBDialect
2019-10-22 15:31:47.960  INFO 12995 --- [restartedMain] j.LocalContainerEntityManagerFactoryBean : Initialized JPA EntityManagerFactory for persistence unit 'default'
2019-10-22 15:31:48.029  INFO 12995 --- [restartedMain] o.s.b.d.a.OptionalLiveReloadServer       : LiveReload server is running on port 35729
2019-10-22 15:31:48.939  INFO 12995 --- [restartedMain] o.s.s.concurrent.ThreadPoolTaskExecutor  : Initializing ExecutorService 'applicationTaskExecutor'
2019-10-22 15:31:48.990  WARN 12995 --- [restartedMain] aWebConfiguration$JpaWebMvcConfiguration : spring.jpa.open-in-view is enabled by default. Therefore, database queries may be performed during view rendering. Explicitly configure spring.jpa.open-in-view to disable this warning
2019-10-22 15:31:49.545  INFO 12995 --- [restartedMain] o.s.b.w.embedded.tomcat.TomcatWebServer  : Tomcat started on port(s): 8080 (http) with context path ''
2019-10-22 15:31:49.549  INFO 12995 --- [restartedMain] c.b.fundoo.user.UserServeApplication     : Started UserServeApplication in 8.597 seconds (JVM running for 10.466)
2019-10-22 15:42:04.240  INFO 12995 --- [Thread-4] o.s.s.concurrent.ThreadPoolTaskExecutor  : Shutting down ExecutorService 'applicationTaskExecutor'
2019-10-22 15:42:04.245  INFO 12995 --- [Thread-4] j.LocalContainerEntityManagerFactoryBean : Closing JPA EntityManagerFactory for persistence unit 'default'
2019-10-22 15:42:04.252  INFO 12995 --- [Thread-4] com.zaxxer.hikari.HikariDataSource       : HikariPool-1 - Shutdown initiated...
2019-10-22 15:42:04.279  INFO 12995 --- [Thread-4] com.zaxxer.hikari.HikariDataSource       : HikariPool-1 - Shutdown completed.
2019-10-22 15:42:04.504  INFO 12995 --- [restartedMain] c.b.fundoo.user.UserServeApplication     : Starting UserServeApplication on FH400 with PID 12995 (started by user in /home/user/Desktop/vishnu/spring-tool-suite-4-4.4.0.RELEASE-e4.13.0-linux.gtk.x86_64/spring programs/UserService)
2019-10-22 15:42:04.505  INFO 12995 --- [restartedMain] c.b.fundoo.user.UserServeApplication     : No active profile set, falling back to default profiles: default
2019-10-22 15:42:04.859  INFO 12995 --- [restartedMain] .s.d.r.c.RepositoryConfigurationDelegate : Bootstrapping Spring Data repositories in DEFAULT mode.
2019-10-22 15:42:04.875  INFO 12995 --- [restartedMain] .s.d.r.c.RepositoryConfigurationDelegate : Finished Spring Data repository scanning in 16ms. Found 1 repository interfaces.
2019-10-22 15:42:04.978  INFO 12995 --- [restartedMain] trationDelegate$BeanPostProcessorChecker : Bean 'org.springframework.transaction.annotation.ProxyTransactionManagementConfiguration' of type [org.springframework.transaction.annotation.ProxyTransactionManagementConfiguration$$EnhancerBySpringCGLIB$$39d7b8a] is not eligible for getting processed by all BeanPostProcessors (for example: not eligible for auto-proxying)
2019-10-22 15:42:05.248  INFO 12995 --- [restartedMain] o.s.b.w.embedded.tomcat.TomcatWebServer  : Tomcat initialized with port(s): 8080 (http)
2019-10-22 15:42:05.252  INFO 12995 --- [restartedMain] o.apache.catalina.core.StandardService   : Starting service [Tomcat]
2019-10-22 15:42:05.252  INFO 12995 --- [restartedMain] org.apache.catalina.core.StandardEngine  : Starting Servlet engine: [Apache Tomcat/9.0.26]
2019-10-22 15:42:05.297  INFO 12995 --- [restartedMain] o.a.c.c.C.[Tomcat].[localhost].[/]       : Initializing Spring embedded WebApplicationContext
2019-10-22 15:42:05.303  INFO 12995 --- [restartedMain] o.s.web.context.ContextLoader            : Root WebApplicationContext: initialization completed in 793 ms
2019-10-22 15:42:05.442  INFO 12995 --- [restartedMain] com.zaxxer.hikari.HikariDataSource       : HikariPool-2 - Starting...
2019-10-22 15:42:05.463  INFO 12995 --- [restartedMain] com.zaxxer.hikari.HikariDataSource       : HikariPool-2 - Start completed.
2019-10-22 15:42:05.476  INFO 12995 --- [restartedMain] o.hibernate.jpa.internal.util.LogHelper  : HHH000204: Processing PersistenceUnitInfo [
	name: default
	...]
2019-10-22 15:42:05.490  INFO 12995 --- [restartedMain] org.hibernate.dialect.Dialect            : HHH000400: Using dialect: org.hibernate.dialect.MySQL5InnoDBDialect
2019-10-22 15:42:05.690  INFO 12995 --- [restartedMain] j.LocalContainerEntityManagerFactoryBean : Initialized JPA EntityManagerFactory for persistence unit 'default'
2019-10-22 15:42:05.714  INFO 12995 --- [restartedMain] o.s.b.d.a.OptionalLiveReloadServer       : LiveReload server is running on port 35729
2019-10-22 15:42:05.952  INFO 12995 --- [restartedMain] o.s.s.concurrent.ThreadPoolTaskExecutor  : Initializing ExecutorService 'applicationTaskExecutor'
2019-10-22 15:42:05.965  WARN 12995 --- [restartedMain] aWebConfiguration$JpaWebMvcConfiguration : spring.jpa.open-in-view is enabled by default. Therefore, database queries may be performed during view rendering. Explicitly configure spring.jpa.open-in-view to disable this warning
2019-10-22 15:42:06.137  INFO 12995 --- [restartedMain] o.s.b.w.embedded.tomcat.TomcatWebServer  : Tomcat started on port(s): 8080 (http) with context path ''
2019-10-22 15:42:06.138  INFO 12995 --- [restartedMain] c.b.fundoo.user.UserServeApplication     : Started UserServeApplication in 1.669 seconds (JVM running for 627.055)
2019-10-22 15:42:06.149  INFO 12995 --- [restartedMain] .ConditionEvaluationDeltaLoggingListener : Condition evaluation unchanged
2019-10-22 15:45:51.615  INFO 12995 --- [Thread-9] o.s.s.concurrent.ThreadPoolTaskExecutor  : Shutting down ExecutorService 'applicationTaskExecutor'
2019-10-22 15:45:51.617  INFO 12995 --- [Thread-9] j.LocalContainerEntityManagerFactoryBean : Closing JPA EntityManagerFactory for persistence unit 'default'
2019-10-22 15:45:51.618  INFO 12995 --- [Thread-9] com.zaxxer.hikari.HikariDataSource       : HikariPool-2 - Shutdown initiated...
2019-10-22 15:45:51.627  INFO 12995 --- [Thread-9] com.zaxxer.hikari.HikariDataSource       : HikariPool-2 - Shutdown completed.
2019-10-22 15:45:51.820  INFO 12995 --- [restartedMain] c.b.fundoo.user.UserServeApplication     : Starting UserServeApplication on FH400 with PID 12995 (started by user in /home/user/Desktop/vishnu/spring-tool-suite-4-4.4.0.RELEASE-e4.13.0-linux.gtk.x86_64/spring programs/UserService)
2019-10-22 15:45:51.821  INFO 12995 --- [restartedMain] c.b.fundoo.user.UserServeApplication     : No active profile set, falling back to default profiles: default
2019-10-22 15:45:52.122  INFO 12995 --- [restartedMain] .s.d.r.c.RepositoryConfigurationDelegate : Bootstrapping Spring Data repositories in DEFAULT mode.
2019-10-22 15:45:52.135  INFO 12995 --- [restartedMain] .s.d.r.c.RepositoryConfigurationDelegate : Finished Spring Data repository scanning in 13ms. Found 1 repository interfaces.
2019-10-22 15:45:52.220  INFO 12995 --- [restartedMain] trationDelegate$BeanPostProcessorChecker : Bean 'org.springframework.transaction.annotation.ProxyTransactionManagementConfiguration' of type [org.springframework.transaction.annotation.ProxyTransactionManagementConfiguration$$EnhancerBySpringCGLIB$$39d7b8a] is not eligible for getting processed by all BeanPostProcessors (for example: not eligible for auto-proxying)
2019-10-22 15:45:52.320  INFO 12995 --- [restartedMain] o.s.b.w.embedded.tomcat.TomcatWebServer  : Tomcat initialized with port(s): 8080 (http)
2019-10-22 15:45:52.322  INFO 12995 --- [restartedMain] o.apache.catalina.core.StandardService   : Starting service [Tomcat]
2019-10-22 15:45:52.322  INFO 12995 --- [restartedMain] org.apache.catalina.core.StandardEngine  : Starting Servlet engine: [Apache Tomcat/9.0.26]
2019-10-22 15:45:52.339  INFO 12995 --- [restartedMain] o.a.c.c.C.[Tomcat].[localhost].[/]       : Initializing Spring embedded WebApplicationContext
2019-10-22 15:45:52.340  INFO 12995 --- [restartedMain] o.s.web.context.ContextLoader            : Root WebApplicationContext: initialization completed in 515 ms
2019-10-22 15:45:52.403  INFO 12995 --- [restartedMain] com.zaxxer.hikari.HikariDataSource       : HikariPool-3 - Starting...
2019-10-22 15:45:52.408  INFO 12995 --- [restartedMain] com.zaxxer.hikari.HikariDataSource       : HikariPool-3 - Start completed.
2019-10-22 15:45:52.417  INFO 12995 --- [restartedMain] o.hibernate.jpa.internal.util.LogHelper  : HHH000204: Processing PersistenceUnitInfo [
	name: default
	...]
2019-10-22 15:45:52.426  INFO 12995 --- [restartedMain] org.hibernate.dialect.Dialect            : HHH000400: Using dialect: org.hibernate.dialect.MySQL5InnoDBDialect
2019-10-22 15:45:52.480  INFO 12995 --- [restartedMain] j.LocalContainerEntityManagerFactoryBean : Initialized JPA EntityManagerFactory for persistence unit 'default'
2019-10-22 15:45:52.505  INFO 12995 --- [restartedMain] o.s.b.d.a.OptionalLiveReloadServer       : LiveReload server is running on port 35729
2019-10-22 15:45:52.709  INFO 12995 --- [restartedMain] o.s.s.concurrent.ThreadPoolTaskExecutor  : Initializing ExecutorService 'applicationTaskExecutor'
2019-10-22 15:45:52.720  WARN 12995 --- [restartedMain] aWebConfiguration$JpaWebMvcConfiguration : spring.jpa.open-in-view is enabled by default. Therefore, database queries may be performed during view rendering. Explicitly configure spring.jpa.open-in-view to disable this warning
2019-10-22 15:45:52.839  INFO 12995 --- [restartedMain] o.s.b.w.embedded.tomcat.TomcatWebServer  : Tomcat started on port(s): 8080 (http) with context path ''
2019-10-22 15:45:52.840  INFO 12995 --- [restartedMain] c.b.fundoo.user.UserServeApplication     : Started UserServeApplication in 1.056 seconds (JVM running for 853.757)
2019-10-22 15:45:52.843  INFO 12995 --- [restartedMain] .ConditionEvaluationDeltaLoggingListener : Condition evaluation unchanged
2019-10-22 15:46:10.346  INFO 12995 --- [Thread-15] o.s.s.concurrent.ThreadPoolTaskExecutor  : Shutting down ExecutorService 'applicationTaskExecutor'
2019-10-22 15:46:10.354  INFO 12995 --- [Thread-15] j.LocalContainerEntityManagerFactoryBean : Closing JPA EntityManagerFactory for persistence unit 'default'
2019-10-22 15:46:10.360  INFO 12995 --- [Thread-15] com.zaxxer.hikari.HikariDataSource       : HikariPool-3 - Shutdown initiated...
2019-10-22 15:46:10.368  INFO 12995 --- [Thread-15] com.zaxxer.hikari.HikariDataSource       : HikariPool-3 - Shutdown completed.
2019-10-22 15:46:10.590  INFO 12995 --- [restartedMain] c.b.fundoo.user.UserServeApplication     : Starting UserServeApplication on FH400 with PID 12995 (started by user in /home/user/Desktop/vishnu/spring-tool-suite-4-4.4.0.RELEASE-e4.13.0-linux.gtk.x86_64/spring programs/UserService)
2019-10-22 15:46:10.590  INFO 12995 --- [restartedMain] c.b.fundoo.user.UserServeApplication     : No active profile set, falling back to default profiles: default
2019-10-22 15:46:10.876  INFO 12995 --- [restartedMain] .s.d.r.c.RepositoryConfigurationDelegate : Bootstrapping Spring Data repositories in DEFAULT mode.
2019-10-22 15:46:10.889  INFO 12995 --- [restartedMain] .s.d.r.c.RepositoryConfigurationDelegate : Finished Spring Data repository scanning in 12ms. Found 1 repository interfaces.
2019-10-22 15:46:10.965  INFO 12995 --- [restartedMain] trationDelegate$BeanPostProcessorChecker : Bean 'org.springframework.transaction.annotation.ProxyTransactionManagementConfiguration' of type [org.springframework.transaction.annotation.ProxyTransactionManagementConfiguration$$EnhancerBySpringCGLIB$$39d7b8a] is not eligible for getting processed by all BeanPostProcessors (for example: not eligible for auto-proxying)
2019-10-22 15:46:11.062  INFO 12995 --- [restartedMain] o.s.b.w.embedded.tomcat.TomcatWebServer  : Tomcat initialized with port(s): 8080 (http)
2019-10-22 15:46:11.063  INFO 12995 --- [restartedMain] o.apache.catalina.core.StandardService   : Starting service [Tomcat]
2019-10-22 15:46:11.064  INFO 12995 --- [restartedMain] org.apache.catalina.core.StandardEngine  : Starting Servlet engine: [Apache Tomcat/9.0.26]
2019-10-22 15:46:11.083  INFO 12995 --- [restartedMain] o.a.c.c.C.[Tomcat].[localhost].[/]       : Initializing Spring embedded WebApplicationContext
2019-10-22 15:46:11.083  INFO 12995 --- [restartedMain] o.s.web.context.ContextLoader            : Root WebApplicationContext: initialization completed in 490 ms
2019-10-22 15:46:11.145  INFO 12995 --- [restartedMain] com.zaxxer.hikari.HikariDataSource       : HikariPool-4 - Starting...
2019-10-22 15:46:11.150  INFO 12995 --- [restartedMain] com.zaxxer.hikari.HikariDataSource       : HikariPool-4 - Start completed.
2019-10-22 15:46:11.158  INFO 12995 --- [restartedMain] o.hibernate.jpa.internal.util.LogHelper  : HHH000204: Processing PersistenceUnitInfo [
	name: default
	...]
2019-10-22 15:46:11.168  INFO 12995 --- [restartedMain] org.hibernate.dialect.Dialect            : HHH000400: Using dialect: org.hibernate.dialect.MySQL5InnoDBDialect
2019-10-22 15:46:11.225  INFO 12995 --- [restartedMain] j.LocalContainerEntityManagerFactoryBean : Initialized JPA EntityManagerFactory for persistence unit 'default'
2019-10-22 15:46:11.246  INFO 12995 --- [restartedMain] o.s.b.d.a.OptionalLiveReloadServer       : LiveReload server is running on port 35729
2019-10-22 15:46:11.436  INFO 12995 --- [restartedMain] o.s.s.concurrent.ThreadPoolTaskExecutor  : Initializing ExecutorService 'applicationTaskExecutor'
2019-10-22 15:46:11.446  WARN 12995 --- [restartedMain] aWebConfiguration$JpaWebMvcConfiguration : spring.jpa.open-in-view is enabled by default. Therefore, database queries may be performed during view rendering. Explicitly configure spring.jpa.open-in-view to disable this warning
2019-10-22 15:46:11.562  INFO 12995 --- [restartedMain] o.s.b.w.embedded.tomcat.TomcatWebServer  : Tomcat started on port(s): 8080 (http) with context path ''
2019-10-22 15:46:11.563  INFO 12995 --- [restartedMain] c.b.fundoo.user.UserServeApplication     : Started UserServeApplication in 1.02 seconds (JVM running for 872.48)
2019-10-22 15:46:11.566  INFO 12995 --- [restartedMain] .ConditionEvaluationDeltaLoggingListener : Condition evaluation unchanged
2019-10-22 15:46:28.019  INFO 12995 --- [Thread-21] o.s.s.concurrent.ThreadPoolTaskExecutor  : Shutting down ExecutorService 'applicationTaskExecutor'
2019-10-22 15:46:28.025  INFO 12995 --- [Thread-21] j.LocalContainerEntityManagerFactoryBean : Closing JPA EntityManagerFactory for persistence unit 'default'
2019-10-22 15:46:28.028  INFO 12995 --- [Thread-21] com.zaxxer.hikari.HikariDataSource       : HikariPool-4 - Shutdown initiated...
2019-10-22 15:46:28.036  INFO 12995 --- [Thread-21] com.zaxxer.hikari.HikariDataSource       : HikariPool-4 - Shutdown completed.
2019-10-22 15:46:28.241  INFO 12995 --- [restartedMain] c.b.fundoo.user.UserServeApplication     : Starting UserServeApplication on FH400 with PID 12995 (started by user in /home/user/Desktop/vishnu/spring-tool-suite-4-4.4.0.RELEASE-e4.13.0-linux.gtk.x86_64/spring programs/UserService)
2019-10-22 15:46:28.242  INFO 12995 --- [restartedMain] c.b.fundoo.user.UserServeApplication     : No active profile set, falling back to default profiles: default
2019-10-22 15:46:28.530  INFO 12995 --- [restartedMain] .s.d.r.c.RepositoryConfigurationDelegate : Bootstrapping Spring Data repositories in DEFAULT mode.
2019-10-22 15:46:28.544  INFO 12995 --- [restartedMain] .s.d.r.c.RepositoryConfigurationDelegate : Finished Spring Data repository scanning in 13ms. Found 1 repository interfaces.
2019-10-22 15:46:28.643  INFO 12995 --- [restartedMain] trationDelegate$BeanPostProcessorChecker : Bean 'org.springframework.transaction.annotation.ProxyTransactionManagementConfiguration' of type [org.springframework.transaction.annotation.ProxyTransactionManagementConfiguration$$EnhancerBySpringCGLIB$$39d7b8a] is not eligible for getting processed by all BeanPostProcessors (for example: not eligible for auto-proxying)
2019-10-22 15:46:28.725  INFO 12995 --- [restartedMain] o.s.b.w.embedded.tomcat.TomcatWebServer  : Tomcat initialized with port(s): 8080 (http)
2019-10-22 15:46:28.727  INFO 12995 --- [restartedMain] o.apache.catalina.core.StandardService   : Starting service [Tomcat]
2019-10-22 15:46:28.728  INFO 12995 --- [restartedMain] org.apache.catalina.core.StandardEngine  : Starting Servlet engine: [Apache Tomcat/9.0.26]
2019-10-22 15:46:28.743  INFO 12995 --- [restartedMain] o.a.c.c.C.[Tomcat].[localhost].[/]       : Initializing Spring embedded WebApplicationContext
2019-10-22 15:46:28.743  INFO 12995 --- [restartedMain] o.s.web.context.ContextLoader            : Root WebApplicationContext: initialization completed in 497 ms
2019-10-22 15:46:28.803  INFO 12995 --- [restartedMain] com.zaxxer.hikari.HikariDataSource       : HikariPool-5 - Starting...
2019-10-22 15:46:28.808  INFO 12995 --- [restartedMain] com.zaxxer.hikari.HikariDataSource       : HikariPool-5 - Start completed.
2019-10-22 15:46:28.817  INFO 12995 --- [restartedMain] o.hibernate.jpa.internal.util.LogHelper  : HHH000204: Processing PersistenceUnitInfo [
	name: default
	...]
2019-10-22 15:46:28.827  INFO 12995 --- [restartedMain] org.hibernate.dialect.Dialect            : HHH000400: Using dialect: org.hibernate.dialect.MySQL5InnoDBDialect
2019-10-22 15:46:28.882  INFO 12995 --- [restartedMain] j.LocalContainerEntityManagerFactoryBean : Initialized JPA EntityManagerFactory for persistence unit 'default'
2019-10-22 15:46:28.907  INFO 12995 --- [restartedMain] o.s.b.d.a.OptionalLiveReloadServer       : LiveReload server is running on port 35729
2019-10-22 15:46:29.133  INFO 12995 --- [restartedMain] o.s.s.concurrent.ThreadPoolTaskExecutor  : Initializing ExecutorService 'applicationTaskExecutor'
2019-10-22 15:46:29.146  WARN 12995 --- [restartedMain] aWebConfiguration$JpaWebMvcConfiguration : spring.jpa.open-in-view is enabled by default. Therefore, database queries may be performed during view rendering. Explicitly configure spring.jpa.open-in-view to disable this warning
2019-10-22 15:46:29.246  INFO 12995 --- [restartedMain] o.s.b.w.embedded.tomcat.TomcatWebServer  : Tomcat started on port(s): 8080 (http) with context path ''
2019-10-22 15:46:29.268  INFO 12995 --- [restartedMain] c.b.fundoo.user.UserServeApplication     : Started UserServeApplication in 1.068 seconds (JVM running for 890.185)
2019-10-22 15:46:29.271  INFO 12995 --- [restartedMain] .ConditionEvaluationDeltaLoggingListener : Condition evaluation unchanged
2019-10-22 15:46:44.716  INFO 12995 --- [Thread-27] o.s.s.concurrent.ThreadPoolTaskExecutor  : Shutting down ExecutorService 'applicationTaskExecutor'
2019-10-22 15:46:44.718  INFO 12995 --- [Thread-27] j.LocalContainerEntityManagerFactoryBean : Closing JPA EntityManagerFactory for persistence unit 'default'
2019-10-22 15:46:44.722  INFO 12995 --- [Thread-27] com.zaxxer.hikari.HikariDataSource       : HikariPool-5 - Shutdown initiated...
2019-10-22 15:46:44.732  INFO 12995 --- [Thread-27] com.zaxxer.hikari.HikariDataSource       : HikariPool-5 - Shutdown completed.
2019-10-22 15:46:44.925  INFO 12995 --- [restartedMain] c.b.fundoo.user.UserServeApplication     : Starting UserServeApplication on FH400 with PID 12995 (started by user in /home/user/Desktop/vishnu/spring-tool-suite-4-4.4.0.RELEASE-e4.13.0-linux.gtk.x86_64/spring programs/UserService)
2019-10-22 15:46:44.926  INFO 12995 --- [restartedMain] c.b.fundoo.user.UserServeApplication     : No active profile set, falling back to default profiles: default
2019-10-22 15:46:45.220  INFO 12995 --- [restartedMain] .s.d.r.c.RepositoryConfigurationDelegate : Bootstrapping Spring Data repositories in DEFAULT mode.
2019-10-22 15:46:45.241  INFO 12995 --- [restartedMain] .s.d.r.c.RepositoryConfigurationDelegate : Finished Spring Data repository scanning in 20ms. Found 1 repository interfaces.
2019-10-22 15:46:45.321  INFO 12995 --- [restartedMain] trationDelegate$BeanPostProcessorChecker : Bean 'org.springframework.transaction.annotation.ProxyTransactionManagementConfiguration' of type [org.springframework.transaction.annotation.ProxyTransactionManagementConfiguration$$EnhancerBySpringCGLIB$$39d7b8a] is not eligible for getting processed by all BeanPostProcessors (for example: not eligible for auto-proxying)
2019-10-22 15:46:45.420  INFO 12995 --- [restartedMain] o.s.b.w.embedded.tomcat.TomcatWebServer  : Tomcat initialized with port(s): 8080 (http)
2019-10-22 15:46:45.422  INFO 12995 --- [restartedMain] o.apache.catalina.core.StandardService   : Starting service [Tomcat]
2019-10-22 15:46:45.422  INFO 12995 --- [restartedMain] org.apache.catalina.core.StandardEngine  : Starting Servlet engine: [Apache Tomcat/9.0.26]
2019-10-22 15:46:45.437  INFO 12995 --- [restartedMain] o.a.c.c.C.[Tomcat].[localhost].[/]       : Initializing Spring embedded WebApplicationContext
2019-10-22 15:46:45.437  INFO 12995 --- [restartedMain] o.s.web.context.ContextLoader            : Root WebApplicationContext: initialization completed in 509 ms
2019-10-22 15:46:45.512  INFO 12995 --- [restartedMain] com.zaxxer.hikari.HikariDataSource       : HikariPool-6 - Starting...
2019-10-22 15:46:45.523  INFO 12995 --- [restartedMain] com.zaxxer.hikari.HikariDataSource       : HikariPool-6 - Start completed.
2019-10-22 15:46:45.531  INFO 12995 --- [restartedMain] o.hibernate.jpa.internal.util.LogHelper  : HHH000204: Processing PersistenceUnitInfo [
	name: default
	...]
2019-10-22 15:46:45.548  INFO 12995 --- [restartedMain] org.hibernate.dialect.Dialect            : HHH000400: Using dialect: org.hibernate.dialect.MySQL5InnoDBDialect
2019-10-22 15:46:45.664  INFO 12995 --- [restartedMain] j.LocalContainerEntityManagerFactoryBean : Initialized JPA EntityManagerFactory for persistence unit 'default'
2019-10-22 15:46:45.705  INFO 12995 --- [restartedMain] o.s.b.d.a.OptionalLiveReloadServer       : LiveReload server is running on port 35729
2019-10-22 15:46:45.869  INFO 12995 --- [restartedMain] o.s.s.concurrent.ThreadPoolTaskExecutor  : Initializing ExecutorService 'applicationTaskExecutor'
2019-10-22 15:46:45.880  WARN 12995 --- [restartedMain] aWebConfiguration$JpaWebMvcConfiguration : spring.jpa.open-in-view is enabled by default. Therefore, database queries may be performed during view rendering. Explicitly configure spring.jpa.open-in-view to disable this warning
2019-10-22 15:46:45.999  INFO 12995 --- [restartedMain] o.s.b.w.embedded.tomcat.TomcatWebServer  : Tomcat started on port(s): 8080 (http) with context path ''
2019-10-22 15:46:46.000  INFO 12995 --- [restartedMain] c.b.fundoo.user.UserServeApplication     : Started UserServeApplication in 1.105 seconds (JVM running for 906.917)
2019-10-22 15:46:46.002  INFO 12995 --- [restartedMain] .ConditionEvaluationDeltaLoggingListener : Condition evaluation unchanged
2019-10-22 15:47:00.445  INFO 12995 --- [Thread-33] o.s.s.concurrent.ThreadPoolTaskExecutor  : Shutting down ExecutorService 'applicationTaskExecutor'
2019-10-22 15:47:00.446  INFO 12995 --- [Thread-33] j.LocalContainerEntityManagerFactoryBean : Closing JPA EntityManagerFactory for persistence unit 'default'
2019-10-22 15:47:00.449  INFO 12995 --- [Thread-33] com.zaxxer.hikari.HikariDataSource       : HikariPool-6 - Shutdown initiated...
2019-10-22 15:47:00.453  INFO 12995 --- [Thread-33] com.zaxxer.hikari.HikariDataSource       : HikariPool-6 - Shutdown completed.
2019-10-22 15:47:00.610  INFO 12995 --- [restartedMain] c.b.fundoo.user.UserServeApplication     : Starting UserServeApplication on FH400 with PID 12995 (started by user in /home/user/Desktop/vishnu/spring-tool-suite-4-4.4.0.RELEASE-e4.13.0-linux.gtk.x86_64/spring programs/UserService)
2019-10-22 15:47:00.610  INFO 12995 --- [restartedMain] c.b.fundoo.user.UserServeApplication     : No active profile set, falling back to default profiles: default
2019-10-22 15:47:00.983  INFO 12995 --- [restartedMain] .s.d.r.c.RepositoryConfigurationDelegate : Bootstrapping Spring Data repositories in DEFAULT mode.
2019-10-22 15:47:01.005  INFO 12995 --- [restartedMain] .s.d.r.c.RepositoryConfigurationDelegate : Finished Spring Data repository scanning in 21ms. Found 1 repository interfaces.
2019-10-22 15:47:01.066  INFO 12995 --- [restartedMain] trationDelegate$BeanPostProcessorChecker : Bean 'org.springframework.transaction.annotation.ProxyTransactionManagementConfiguration' of type [org.springframework.transaction.annotation.ProxyTransactionManagementConfiguration$$EnhancerBySpringCGLIB$$39d7b8a] is not eligible for getting processed by all BeanPostProcessors (for example: not eligible for auto-proxying)
2019-10-22 15:47:01.150  INFO 12995 --- [restartedMain] o.s.b.w.embedded.tomcat.TomcatWebServer  : Tomcat initialized with port(s): 8080 (http)
2019-10-22 15:47:01.152  INFO 12995 --- [restartedMain] o.apache.catalina.core.StandardService   : Starting service [Tomcat]
2019-10-22 15:47:01.152  INFO 12995 --- [restartedMain] org.apache.catalina.core.StandardEngine  : Starting Servlet engine: [Apache Tomcat/9.0.26]
2019-10-22 15:47:01.166  INFO 12995 --- [restartedMain] o.a.c.c.C.[Tomcat].[localhost].[/]       : Initializing Spring embedded WebApplicationContext
2019-10-22 15:47:01.166  INFO 12995 --- [restartedMain] o.s.web.context.ContextLoader            : Root WebApplicationContext: initialization completed in 554 ms
2019-10-22 15:47:01.226  INFO 12995 --- [restartedMain] com.zaxxer.hikari.HikariDataSource       : HikariPool-7 - Starting...
2019-10-22 15:47:01.231  INFO 12995 --- [restartedMain] com.zaxxer.hikari.HikariDataSource       : HikariPool-7 - Start completed.
2019-10-22 15:47:01.241  INFO 12995 --- [restartedMain] o.hibernate.jpa.internal.util.LogHelper  : HHH000204: Processing PersistenceUnitInfo [
	name: default
	...]
2019-10-22 15:47:01.256  INFO 12995 --- [restartedMain] org.hibernate.dialect.Dialect            : HHH000400: Using dialect: org.hibernate.dialect.MySQL5InnoDBDialect
2019-10-22 15:47:01.367  INFO 12995 --- [restartedMain] j.LocalContainerEntityManagerFactoryBean : Initialized JPA EntityManagerFactory for persistence unit 'default'
2019-10-22 15:47:01.424  INFO 12995 --- [restartedMain] o.s.b.d.a.OptionalLiveReloadServer       : LiveReload server is running on port 35729
2019-10-22 15:47:01.587  INFO 12995 --- [restartedMain] o.s.s.concurrent.ThreadPoolTaskExecutor  : Initializing ExecutorService 'applicationTaskExecutor'
2019-10-22 15:47:01.600  WARN 12995 --- [restartedMain] aWebConfiguration$JpaWebMvcConfiguration : spring.jpa.open-in-view is enabled by default. Therefore, database queries may be performed during view rendering. Explicitly configure spring.jpa.open-in-view to disable this warning
2019-10-22 15:47:01.729  INFO 12995 --- [restartedMain] o.s.b.w.embedded.tomcat.TomcatWebServer  : Tomcat started on port(s): 8080 (http) with context path ''
2019-10-22 15:47:01.731  INFO 12995 --- [restartedMain] c.b.fundoo.user.UserServeApplication     : Started UserServeApplication in 1.148 seconds (JVM running for 922.648)
2019-10-22 15:47:01.734  INFO 12995 --- [restartedMain] .ConditionEvaluationDeltaLoggingListener : Condition evaluation unchanged
2019-10-22 15:47:04.128  INFO 12995 --- [Thread-39] o.s.s.concurrent.ThreadPoolTaskExecutor  : Shutting down ExecutorService 'applicationTaskExecutor'
2019-10-22 15:47:04.129  INFO 12995 --- [Thread-39] j.LocalContainerEntityManagerFactoryBean : Closing JPA EntityManagerFactory for persistence unit 'default'
2019-10-22 15:47:04.140  INFO 12995 --- [Thread-39] com.zaxxer.hikari.HikariDataSource       : HikariPool-7 - Shutdown initiated...
2019-10-22 15:47:04.149  INFO 12995 --- [Thread-39] com.zaxxer.hikari.HikariDataSource       : HikariPool-7 - Shutdown completed.
2019-10-22 15:47:04.378  INFO 12995 --- [restartedMain] c.b.fundoo.user.UserServeApplication     : Starting UserServeApplication on FH400 with PID 12995 (started by user in /home/user/Desktop/vishnu/spring-tool-suite-4-4.4.0.RELEASE-e4.13.0-linux.gtk.x86_64/spring programs/UserService)
2019-10-22 15:47:04.379  INFO 12995 --- [restartedMain] c.b.fundoo.user.UserServeApplication     : No active profile set, falling back to default profiles: default
2019-10-22 15:47:04.662  INFO 12995 --- [restartedMain] .s.d.r.c.RepositoryConfigurationDelegate : Bootstrapping Spring Data repositories in DEFAULT mode.
2019-10-22 15:47:04.674  INFO 12995 --- [restartedMain] .s.d.r.c.RepositoryConfigurationDelegate : Finished Spring Data repository scanning in 11ms. Found 1 repository interfaces.
2019-10-22 15:47:04.737  INFO 12995 --- [restartedMain] trationDelegate$BeanPostProcessorChecker : Bean 'org.springframework.transaction.annotation.ProxyTransactionManagementConfiguration' of type [org.springframework.transaction.annotation.ProxyTransactionManagementConfiguration$$EnhancerBySpringCGLIB$$39d7b8a] is not eligible for getting processed by all BeanPostProcessors (for example: not eligible for auto-proxying)
2019-10-22 15:47:04.828  INFO 12995 --- [restartedMain] o.s.b.w.embedded.tomcat.TomcatWebServer  : Tomcat initialized with port(s): 8080 (http)
2019-10-22 15:47:04.829  INFO 12995 --- [restartedMain] o.apache.catalina.core.StandardService   : Starting service [Tomcat]
2019-10-22 15:47:04.829  INFO 12995 --- [restartedMain] org.apache.catalina.core.StandardEngine  : Starting Servlet engine: [Apache Tomcat/9.0.26]
2019-10-22 15:47:04.843  INFO 12995 --- [restartedMain] o.a.c.c.C.[Tomcat].[localhost].[/]       : Initializing Spring embedded WebApplicationContext
2019-10-22 15:47:04.844  INFO 12995 --- [restartedMain] o.s.web.context.ContextLoader            : Root WebApplicationContext: initialization completed in 463 ms
2019-10-22 15:47:04.909  INFO 12995 --- [restartedMain] com.zaxxer.hikari.HikariDataSource       : HikariPool-8 - Starting...
2019-10-22 15:47:04.918  INFO 12995 --- [restartedMain] com.zaxxer.hikari.HikariDataSource       : HikariPool-8 - Start completed.
2019-10-22 15:47:04.927  INFO 12995 --- [restartedMain] o.hibernate.jpa.internal.util.LogHelper  : HHH000204: Processing PersistenceUnitInfo [
	name: default
	...]
2019-10-22 15:47:04.938  INFO 12995 --- [restartedMain] org.hibernate.dialect.Dialect            : HHH000400: Using dialect: org.hibernate.dialect.MySQL5InnoDBDialect
2019-10-22 15:47:04.994  INFO 12995 --- [restartedMain] j.LocalContainerEntityManagerFactoryBean : Initialized JPA EntityManagerFactory for persistence unit 'default'
2019-10-22 15:47:05.018  INFO 12995 --- [restartedMain] o.s.b.d.a.OptionalLiveReloadServer       : LiveReload server is running on port 35729
2019-10-22 15:47:05.210  INFO 12995 --- [restartedMain] o.s.s.concurrent.ThreadPoolTaskExecutor  : Initializing ExecutorService 'applicationTaskExecutor'
2019-10-22 15:47:05.223  WARN 12995 --- [restartedMain] aWebConfiguration$JpaWebMvcConfiguration : spring.jpa.open-in-view is enabled by default. Therefore, database queries may be performed during view rendering. Explicitly configure spring.jpa.open-in-view to disable this warning
2019-10-22 15:47:05.360  INFO 12995 --- [restartedMain] o.s.b.w.embedded.tomcat.TomcatWebServer  : Tomcat started on port(s): 8080 (http) with context path ''
2019-10-22 15:47:05.361  INFO 12995 --- [restartedMain] c.b.fundoo.user.UserServeApplication     : Started UserServeApplication in 1.019 seconds (JVM running for 926.279)
2019-10-22 15:47:05.364  INFO 12995 --- [restartedMain] .ConditionEvaluationDeltaLoggingListener : Condition evaluation unchanged
2019-10-22 15:47:26.866  INFO 12995 --- [http-nio-8080-exec-1] o.a.c.c.C.[Tomcat].[localhost].[/]       : Initializing Spring DispatcherServlet 'dispatcherServlet'
2019-10-22 15:47:26.867  INFO 12995 --- [http-nio-8080-exec-1] o.s.web.servlet.DispatcherServlet        : Initializing Servlet 'dispatcherServlet'
2019-10-22 15:47:26.885  INFO 12995 --- [http-nio-8080-exec-1] o.s.web.servlet.DispatcherServlet        : Completed initialization in 17 ms
2019-10-22 15:47:27.101  INFO 12995 --- [http-nio-8080-exec-1] c.b.f.user.services.ImplUserService      : registration logger
2019-10-22 15:47:27.442  INFO 12995 --- [http-nio-8080-exec-1] o.h.h.i.QueryTranslatorFactoryInitiator  : HHH000397: Using ASTQueryTranslatorFactory
2019-10-22 15:47:27.623  WARN 12995 --- [http-nio-8080-exec-1] .m.m.a.ExceptionHandlerExceptionResolver : Resolved [com.bridgelabz.fundoo.user.exception.custom.RegistrationException: email already registered]
2019-10-22 15:47:54.006  INFO 12995 --- [Thread-45] o.s.s.concurrent.ThreadPoolTaskExecutor  : Shutting down ExecutorService 'applicationTaskExecutor'
2019-10-22 15:47:54.007  INFO 12995 --- [Thread-45] j.LocalContainerEntityManagerFactoryBean : Closing JPA EntityManagerFactory for persistence unit 'default'
2019-10-22 15:47:54.010  INFO 12995 --- [Thread-45] com.zaxxer.hikari.HikariDataSource       : HikariPool-8 - Shutdown initiated...
2019-10-22 15:47:54.018  INFO 12995 --- [Thread-45] com.zaxxer.hikari.HikariDataSource       : HikariPool-8 - Shutdown completed.
2019-10-22 15:47:54.217  INFO 12995 --- [restartedMain] c.b.fundoo.user.UserServeApplication     : Starting UserServeApplication on FH400 with PID 12995 (started by user in /home/user/Desktop/vishnu/spring-tool-suite-4-4.4.0.RELEASE-e4.13.0-linux.gtk.x86_64/spring programs/UserService)
2019-10-22 15:47:54.217  INFO 12995 --- [restartedMain] c.b.fundoo.user.UserServeApplication     : No active profile set, falling back to default profiles: default
2019-10-22 15:47:54.519  INFO 12995 --- [restartedMain] .s.d.r.c.RepositoryConfigurationDelegate : Bootstrapping Spring Data repositories in DEFAULT mode.
2019-10-22 15:47:54.530  INFO 12995 --- [restartedMain] .s.d.r.c.RepositoryConfigurationDelegate : Finished Spring Data repository scanning in 11ms. Found 1 repository interfaces.
2019-10-22 15:47:54.594  INFO 12995 --- [restartedMain] trationDelegate$BeanPostProcessorChecker : Bean 'org.springframework.transaction.annotation.ProxyTransactionManagementConfiguration' of type [org.springframework.transaction.annotation.ProxyTransactionManagementConfiguration$$EnhancerBySpringCGLIB$$39d7b8a] is not eligible for getting processed by all BeanPostProcessors (for example: not eligible for auto-proxying)
2019-10-22 15:47:54.679  INFO 12995 --- [restartedMain] o.s.b.w.embedded.tomcat.TomcatWebServer  : Tomcat initialized with port(s): 8080 (http)
2019-10-22 15:47:54.681  INFO 12995 --- [restartedMain] o.apache.catalina.core.StandardService   : Starting service [Tomcat]
2019-10-22 15:47:54.681  INFO 12995 --- [restartedMain] org.apache.catalina.core.StandardEngine  : Starting Servlet engine: [Apache Tomcat/9.0.26]
2019-10-22 15:47:54.694  INFO 12995 --- [restartedMain] o.a.c.c.C.[Tomcat].[localhost].[/]       : Initializing Spring embedded WebApplicationContext
2019-10-22 15:47:54.695  INFO 12995 --- [restartedMain] o.s.web.context.ContextLoader            : Root WebApplicationContext: initialization completed in 475 ms
2019-10-22 15:47:54.751  INFO 12995 --- [restartedMain] com.zaxxer.hikari.HikariDataSource       : HikariPool-9 - Starting...
2019-10-22 15:47:54.756  INFO 12995 --- [restartedMain] com.zaxxer.hikari.HikariDataSource       : HikariPool-9 - Start completed.
2019-10-22 15:47:54.766  INFO 12995 --- [restartedMain] o.hibernate.jpa.internal.util.LogHelper  : HHH000204: Processing PersistenceUnitInfo [
	name: default
	...]
2019-10-22 15:47:54.775  INFO 12995 --- [restartedMain] org.hibernate.dialect.Dialect            : HHH000400: Using dialect: org.hibernate.dialect.MySQL5InnoDBDialect
2019-10-22 15:47:54.822  INFO 12995 --- [restartedMain] j.LocalContainerEntityManagerFactoryBean : Initialized JPA EntityManagerFactory for persistence unit 'default'
2019-10-22 15:47:54.847  INFO 12995 --- [restartedMain] o.s.b.d.a.OptionalLiveReloadServer       : LiveReload server is running on port 35729
2019-10-22 15:47:55.065  INFO 12995 --- [restartedMain] o.s.s.concurrent.ThreadPoolTaskExecutor  : Initializing ExecutorService 'applicationTaskExecutor'
2019-10-22 15:47:55.076  WARN 12995 --- [restartedMain] aWebConfiguration$JpaWebMvcConfiguration : spring.jpa.open-in-view is enabled by default. Therefore, database queries may be performed during view rendering. Explicitly configure spring.jpa.open-in-view to disable this warning
2019-10-22 15:47:55.221  INFO 12995 --- [restartedMain] o.s.b.w.embedded.tomcat.TomcatWebServer  : Tomcat started on port(s): 8080 (http) with context path ''
2019-10-22 15:47:55.222  INFO 12995 --- [restartedMain] c.b.fundoo.user.UserServeApplication     : Started UserServeApplication in 1.043 seconds (JVM running for 976.139)
2019-10-22 15:47:55.224  INFO 12995 --- [restartedMain] .ConditionEvaluationDeltaLoggingListener : Condition evaluation unchanged
2019-10-22 15:47:59.493  INFO 12995 --- [RMI TCP Connection(19)-127.0.0.1] inMXBeanRegistrar$SpringApplicationAdmin : Application shutdown requested.
2019-10-22 15:47:59.498  INFO 12995 --- [RMI TCP Connection(19)-127.0.0.1] o.s.s.concurrent.ThreadPoolTaskExecutor  : Shutting down ExecutorService 'applicationTaskExecutor'
2019-10-22 15:47:59.498  INFO 12995 --- [RMI TCP Connection(19)-127.0.0.1] j.LocalContainerEntityManagerFactoryBean : Closing JPA EntityManagerFactory for persistence unit 'default'
2019-10-22 15:47:59.499  INFO 12995 --- [RMI TCP Connection(19)-127.0.0.1] com.zaxxer.hikari.HikariDataSource       : HikariPool-9 - Shutdown initiated...
2019-10-22 15:47:59.513  INFO 12995 --- [RMI TCP Connection(19)-127.0.0.1] com.zaxxer.hikari.HikariDataSource       : HikariPool-9 - Shutdown completed.
