----------------------------------------------------------------
Sat Oct 19 17:04:38 IST 2019:
Booting Derby version The Apache Software Foundation - Apache Derby - 10.14.2.0 - (1828579): instance a816c00e-016d-e3cc-468c-0000035d6e08 
on database directory memory:/home/user/Desktop/vishnu/spring-tool-suite-4-4.4.0.RELEASE-e4.13.0-linux.gtk.x86_64/spring programs/UserService/testdb with class loader jdk.internal.loader.ClassLoaders$AppClassLoader@3d4eac69 
Loaded from file:/home/user/.m2/repository/org/apache/derby/derby/10.14.2.0/derby-10.14.2.0.jar
java.vendor=Oracle Corporation
java.runtime.version=11.0.3+7-Ubuntu-1ubuntu218.10.1
user.dir=/home/user/Desktop/vishnu/spring-tool-suite-4-4.4.0.RELEASE-e4.13.0-linux.gtk.x86_64/spring programs/UserService
os.name=Linux
os.arch=amd64
os.version=4.18.0-25-generic
derby.system.home=null
Database Class Loader started - derby.database.classpath=''
----------------------------------------------------------------
Sat Oct 19 17:04:58 IST 2019:
Shutting down instance a816c00e-016d-e3cc-468c-0000035d6e08 on database directory memory:/home/user/Desktop/vishnu/spring-tool-suite-4-4.4.0.RELEASE-e4.13.0-linux.gtk.x86_64/spring programs/UserService/testdb with class loader jdk.internal.loader.ClassLoaders$AppClassLoader@3d4eac69 
----------------------------------------------------------------
Sat Oct 19 17:57:57 IST 2019:
Booting Derby version The Apache Software Foundation - Apache Derby - 10.14.2.0 - (1828579): instance af8ec0b3-016d-e3cc-468c-0000035d6e08 
on database directory memory:/home/user/Desktop/vishnu/spring-tool-suite-4-4.4.0.RELEASE-e4.13.0-linux.gtk.x86_64/spring programs/UserService/testdb with class loader jdk.internal.loader.ClassLoaders$AppClassLoader@3d4eac69 
Loaded from file:/home/user/.m2/repository/org/apache/derby/derby/10.14.2.0/derby-10.14.2.0.jar
java.vendor=Oracle Corporation
java.runtime.version=11.0.3+7-Ubuntu-1ubuntu218.10.1
user.dir=/home/user/Desktop/vishnu/spring-tool-suite-4-4.4.0.RELEASE-e4.13.0-linux.gtk.x86_64/spring programs/UserService
os.name=Linux
os.arch=amd64
os.version=4.18.0-25-generic
derby.system.home=null
Database Class Loader started - derby.database.classpath=''
----------------------------------------------------------------
Sat Oct 19 17:57:57 IST 2019:
Shutting down instance af8ec0b3-016d-e3cc-468c-0000035d6e08 on database directory memory:/home/user/Desktop/vishnu/spring-tool-suite-4-4.4.0.RELEASE-e4.13.0-linux.gtk.x86_64/spring programs/UserService/testdb with class loader jdk.internal.loader.ClassLoaders$AppClassLoader@3d4eac69 
----------------------------------------------------------------
Sat Oct 19 18:30:52 IST 2019:
Booting Derby version The Apache Software Foundation - Apache Derby - 10.14.2.0 - (1828579): instance f19d0158-016d-e3cc-468c-0000035d6e08 
on database directory memory:/home/user/Desktop/vishnu/spring-tool-suite-4-4.4.0.RELEASE-e4.13.0-linux.gtk.x86_64/spring programs/UserService/testdb with class loader jdk.internal.loader.ClassLoaders$AppClassLoader@3d4eac69 
Loaded from file:/home/user/.m2/repository/org/apache/derby/derby/10.14.2.0/derby-10.14.2.0.jar
java.vendor=Oracle Corporation
java.runtime.version=11.0.3+7-Ubuntu-1ubuntu218.10.1
user.dir=/home/user/Desktop/vishnu/spring-tool-suite-4-4.4.0.RELEASE-e4.13.0-linux.gtk.x86_64/spring programs/UserService
os.name=Linux
os.arch=amd64
os.version=4.18.0-25-generic
derby.system.home=null
Database Class Loader started - derby.database.classpath=''
----------------------------------------------------------------
Sat Oct 19 18:35:15 IST 2019:
Shutting down instance f19d0158-016d-e3cc-468c-0000035d6e08 on database directory memory:/home/user/Desktop/vishnu/spring-tool-suite-4-4.4.0.RELEASE-e4.13.0-linux.gtk.x86_64/spring programs/UserService/testdb with class loader jdk.internal.loader.ClassLoaders$AppClassLoader@3d4eac69 
